
input file is ../Inp/fantasy_premier_league_player_stats.csv
============================================================

Counts sorted by (as is)
========================

Team         #apps
-----------  -----
team_name_2  1
team_name_1  1
West Brom    1219
Swansea      1180
Blackburn    33
Bolton       37
Chelsea      1147
Arsenal      534
Everton      1147
Tottenham    1288
Fulham       1209
QPR          1517
Liverpool    1227
Sunderland   1162
Man City     1099
Man Utd      1231
Newcastle    1247
Stoke City   1170
Wolves       31
Aston Villa  685
Wigan        1036
Norwich      1229
West Ham     1126
Reading      1167
Southampton  1110

Counts sorted by key
====================

Team         #apps
-----------  -----
Arsenal      534
Aston Villa  685
Blackburn    33
Bolton       37
Chelsea      1147
Everton      1147
Fulham       1209
Liverpool    1227
Man City     1099
Man Utd      1231
Newcastle    1247
Norwich      1229
QPR          1517
Reading      1167
Southampton  1110
Stoke City   1170
Sunderland   1162
Swansea      1180
Tottenham    1288
West Brom    1219
West Ham     1126
Wigan        1036
Wolves       31
team_name_1  1
team_name_2  1

Counts sorted by value
======================

Team         #apps
-----------  -----
team_name_1  1
team_name_2  1
Wolves       31
Blackburn    33
Bolton       37
Arsenal      534
Aston Villa  685
Wigan        1036
Man City     1099
Southampton  1110
West Ham     1126
Chelsea      1147
Everton      1147
Sunderland   1162
Reading      1167
Stoke City   1170
Swansea      1180
Fulham       1209
West Brom    1219
Liverpool    1227
Norwich      1229
Man Utd      1231
Newcastle    1247
Tottenham    1288
QPR          1517

Timer set: Timer_x, constructed at Thu Jul 05 2018 12:43:44, written at Thu Jul 05 2018 12:43:48
================================================================================================
[Timer timed: Elapsed (per call): 1.68 (0.00017), USR (per call): 0.08 (0.00001), SYS (per call): 0.38 (0.00004), calls: 10000, "***" denotes corrected line below] 


Timer           Elapsed         USR         SYS       Calls       Ela/Call       USR/Call       SYS/Call
-----------  ----------  ----------  ----------  ----------  -------------  -------------  -------------
ColGroup           0.06        0.01        0.01           1        0.05800        0.00762        0.00975
listAsIs           0.00        0.00        0.00           1        0.00200        0.00200        0.00200
sortByKey          0.00        0.00        0.00           1        0.00100        0.00000        0.00000
sortByValue        0.00        0.00        0.00           1        0.00000        0.00000        0.00000
(Other)            0.00        0.00        0.00           1        0.00200        0.00000        0.00000
-----------  ----------  ----------  ----------  ----------  -------------  -------------  -------------
Total              0.06        0.01        0.01           5        0.01260        0.00193        0.00235
-----------  ----------  ----------  ----------  ----------  -------------  -------------  -------------
